Determining if the pthread_create exist failed with the following output:
Change Dir: /home/ren/MyGit/dlib_eos/build/CMakeFiles/CMakeTmp

Run Build Command:"/usr/bin/make" "cmTC_fb2a6/fast"
/usr/bin/make -f CMakeFiles/cmTC_fb2a6.dir/build.make CMakeFiles/cmTC_fb2a6.dir/build
make[1]: Entering directory `/home/ren/MyGit/dlib_eos/build/CMakeFiles/CMakeTmp'
Building C object CMakeFiles/cmTC_fb2a6.dir/CheckSymbolExists.c.o
/usr/bin/cc    -fPIC    -o CMakeFiles/cmTC_fb2a6.dir/CheckSymbolExists.c.o   -c /home/ren/MyGit/dlib_eos/build/CMakeFiles/CMakeTmp/CheckSymbolExists.c
Linking C executable cmTC_fb2a6
/usr/local/bin/cmake -E cmake_link_script CMakeFiles/cmTC_fb2a6.dir/link.txt --verbose=1
/usr/bin/cc  -fPIC     CMakeFiles/cmTC_fb2a6.dir/CheckSymbolExists.c.o  -o cmTC_fb2a6 -rdynamic 
CMakeFiles/cmTC_fb2a6.dir/CheckSymbolExists.c.o: In function `main':
CheckSymbolExists.c:(.text+0x1b): undefined reference to `pthread_create'
collect2: error: ld returned 1 exit status
make[1]: *** [cmTC_fb2a6] Error 1
make[1]: Leaving directory `/home/ren/MyGit/dlib_eos/build/CMakeFiles/CMakeTmp'
make: *** [cmTC_fb2a6/fast] Error 2

File /home/ren/MyGit/dlib_eos/build/CMakeFiles/CMakeTmp/CheckSymbolExists.c:
/* */
#include <pthread.h>

int main(int argc, char** argv)
{
  (void)argv;
#ifndef pthread_create
  return ((int*)(&pthread_create))[argc];
#else
  (void)argc;
  return 0;
#endif
}

Determining if the function pthread_create exists in the pthreads failed with the following output:
Change Dir: /home/ren/MyGit/dlib_eos/build/CMakeFiles/CMakeTmp

Run Build Command:"/usr/bin/make" "cmTC_91427/fast"
/usr/bin/make -f CMakeFiles/cmTC_91427.dir/build.make CMakeFiles/cmTC_91427.dir/build
make[1]: Entering directory `/home/ren/MyGit/dlib_eos/build/CMakeFiles/CMakeTmp'
Building C object CMakeFiles/cmTC_91427.dir/CheckFunctionExists.c.o
/usr/bin/cc    -fPIC -DCHECK_FUNCTION_EXISTS=pthread_create   -o CMakeFiles/cmTC_91427.dir/CheckFunctionExists.c.o   -c /usr/local/share/cmake-3.5/Modules/CheckFunctionExists.c
Linking C executable cmTC_91427
/usr/local/bin/cmake -E cmake_link_script CMakeFiles/cmTC_91427.dir/link.txt --verbose=1
/usr/bin/cc  -fPIC -DCHECK_FUNCTION_EXISTS=pthread_create    CMakeFiles/cmTC_91427.dir/CheckFunctionExists.c.o  -o cmTC_91427 -rdynamic -lpthreads 
/usr/bin/ld: cannot find -lpthreads
collect2: error: ld returned 1 exit status
make[1]: *** [cmTC_91427] Error 1
make[1]: Leaving directory `/home/ren/MyGit/dlib_eos/build/CMakeFiles/CMakeTmp'
make: *** [cmTC_91427/fast] Error 2


